<?xml version="1.0" encoding="UTF-8"?>
<testsuite name="tutorial4.MainTest" tests="1" skipped="0" failures="0" errors="0" timestamp="2025-03-16T23:19:18.981Z" hostname="plexys-MacBook-Air.local" time="0.002">
  <properties/>
  <testcase name="test()" classname="tutorial4.MainTest" time="0.002"/>
  <system-out><![CDATA[]]></system-out>
  <system-err><![CDATA[]]></system-err>
</testsuite>
